The target system is: Android - 24 - armv7-a
The host system is: Darwin - 18.7.0 - x86_64
Determining if the C compiler works passed with the following output:
Change Dir: /Users/yuefeng/workSpace/demo/myDemo/app/.cxx/cmake/debug/armeabi-v7a/CMakeFiles/CMakeTmp

Run Build Command:"/Users/yuefeng/tools/Android/sdk/cmake/3.6.4111459/bin/ninja" "cmTC_3708e"
[1/2] Building C object CMakeFiles/cmTC_3708e.dir/testCCompiler.c.o
[2/2] Linking C executable cmTC_3708e


Detecting C compiler ABI info compiled with the following output:
Change Dir: /Users/yuefeng/workSpace/demo/myDemo/app/.cxx/cmake/debug/armeabi-v7a/CMakeFiles/CMakeTmp

Run Build Command:"/Users/yuefeng/tools/Android/sdk/cmake/3.6.4111459/bin/ninja" "cmTC_bcd96"
[1/2] Building C object CMakeFiles/cmTC_bcd96.dir/CMakeCCompilerABI.c.o
[2/2] Linking C executable cmTC_bcd96
Android clang version 3.8.256229  (based on LLVM 3.8.256229)
Target: armv7-none-linux-android
Thread model: posix
InstalledDir: /Users/yuefeng/tools/Android/android-ndk-r13b/toolchains/llvm/prebuilt/darwin-x86_64/bin
Found candidate GCC installation: /Users/yuefeng/tools/Android/android-ndk-r13b/toolchains/arm-linux-androideabi-4.9/prebuilt/darwin-x86_64/lib/gcc/arm-linux-androideabi/4.9.x
Selected GCC installation: /Users/yuefeng/tools/Android/android-ndk-r13b/toolchains/arm-linux-androideabi-4.9/prebuilt/darwin-x86_64/lib/gcc/arm-linux-androideabi/4.9.x
Candidate multilib: .;@m32
Selected multilib: .;@m32
 "/Users/yuefeng/tools/Android/android-ndk-r13b/toolchains/arm-linux-androideabi-4.9/prebuilt/darwin-x86_64/lib/gcc/arm-linux-androideabi/4.9.x/../../../../arm-linux-androideabi/bin/ld" --sysroot=/Users/yuefeng/tools/Android/android-ndk-r13b/platforms/android-24/arch-arm -pie -X --eh-frame-hdr -m armelf_linux_eabi -dynamic-linker /system/bin/linker -o cmTC_bcd96 /Users/yuefeng/tools/Android/android-ndk-r13b/platforms/android-24/arch-arm/usr/lib/../lib/crtbegin_dynamic.o -L/Users/yuefeng/tools/Android/android-ndk-r13b/toolchains/arm-linux-androideabi-4.9/prebuilt/darwin-x86_64/lib/gcc/arm-linux-androideabi/4.9.x -L/Users/yuefeng/tools/Android/android-ndk-r13b/toolchains/arm-linux-androideabi-4.9/prebuilt/darwin-x86_64/lib/gcc/arm-linux-androideabi/4.9.x/../../../../arm-linux-androideabi/lib/../lib -L/Users/yuefeng/tools/Android/android-ndk-r13b/platforms/android-24/arch-arm/usr/lib/../lib -L/Users/yuefeng/tools/Android/android-ndk-r13b/toolchains/arm-linux-androideabi-4.9/prebuilt/darwin-x86_64/lib/gcc/arm-linux-androideabi/4.9.x/../../../../arm-linux-androideabi/lib -L/Users/yuefeng/tools/Android/android-ndk-r13b/platforms/android-24/arch-arm/usr/lib --build-id --warn-shared-textrel --fatal-warnings --fix-cortex-a8 --no-undefined -z noexecstack -z relro -z now --gc-sections -z nocopyreloc --build-id --warn-shared-textrel --fatal-warnings --fix-cortex-a8 --no-undefined -z noexecstack -z relro -z now --gc-sections -z nocopyreloc CMakeFiles/cmTC_bcd96.dir/CMakeCCompilerABI.c.o -lgcc -ldl -lc -lgcc -ldl /Users/yuefeng/tools/Android/android-ndk-r13b/platforms/android-24/arch-arm/usr/lib/../lib/crtend_android.o


Parsed C implicit link information from above output:
  link line regex: [^( *|.*[/\])(arm-linux-androideabi-ld|([^/\]+-)?ld|collect2)[^/\]*( |$)]
  ignore line: [Change Dir: /Users/yuefeng/workSpace/demo/myDemo/app/.cxx/cmake/debug/armeabi-v7a/CMakeFiles/CMakeTmp]
  ignore line: []
  ignore line: [Run Build Command:"/Users/yuefeng/tools/Android/sdk/cmake/3.6.4111459/bin/ninja" "cmTC_bcd96"]
  ignore line: [[1/2] Building C object CMakeFiles/cmTC_bcd96.dir/CMakeCCompilerABI.c.o]
  ignore line: [[2/2] Linking C executable cmTC_bcd96]
  ignore line: [Android clang version 3.8.256229  (based on LLVM 3.8.256229)]
  ignore line: [Target: armv7-none-linux-android]
  ignore line: [Thread model: posix]
  ignore line: [InstalledDir: /Users/yuefeng/tools/Android/android-ndk-r13b/toolchains/llvm/prebuilt/darwin-x86_64/bin]
  ignore line: [Found candidate GCC installation: /Users/yuefeng/tools/Android/android-ndk-r13b/toolchains/arm-linux-androideabi-4.9/prebuilt/darwin-x86_64/lib/gcc/arm-linux-androideabi/4.9.x]
  ignore line: [Selected GCC installation: /Users/yuefeng/tools/Android/android-ndk-r13b/toolchains/arm-linux-androideabi-4.9/prebuilt/darwin-x86_64/lib/gcc/arm-linux-androideabi/4.9.x]
  ignore line: [Candidate multilib: .]
  ignore line: [@m32]
  ignore line: [Selected multilib: .]
  ignore line: [@m32]
  link line: [ "/Users/yuefeng/tools/Android/android-ndk-r13b/toolchains/arm-linux-androideabi-4.9/prebuilt/darwin-x86_64/lib/gcc/arm-linux-androideabi/4.9.x/../../../../arm-linux-androideabi/bin/ld" --sysroot=/Users/yuefeng/tools/Android/android-ndk-r13b/platforms/android-24/arch-arm -pie -X --eh-frame-hdr -m armelf_linux_eabi -dynamic-linker /system/bin/linker -o cmTC_bcd96 /Users/yuefeng/tools/Android/android-ndk-r13b/platforms/android-24/arch-arm/usr/lib/../lib/crtbegin_dynamic.o -L/Users/yuefeng/tools/Android/android-ndk-r13b/toolchains/arm-linux-androideabi-4.9/prebuilt/darwin-x86_64/lib/gcc/arm-linux-androideabi/4.9.x -L/Users/yuefeng/tools/Android/android-ndk-r13b/toolchains/arm-linux-androideabi-4.9/prebuilt/darwin-x86_64/lib/gcc/arm-linux-androideabi/4.9.x/../../../../arm-linux-androideabi/lib/../lib -L/Users/yuefeng/tools/Android/android-ndk-r13b/platforms/android-24/arch-arm/usr/lib/../lib -L/Users/yuefeng/tools/Android/android-ndk-r13b/toolchains/arm-linux-androideabi-4.9/prebuilt/darwin-x86_64/lib/gcc/arm-linux-androideabi/4.9.x/../../../../arm-linux-androideabi/lib -L/Users/yuefeng/tools/Android/android-ndk-r13b/platforms/android-24/arch-arm/usr/lib --build-id --warn-shared-textrel --fatal-warnings --fix-cortex-a8 --no-undefined -z noexecstack -z relro -z now --gc-sections -z nocopyreloc --build-id --warn-shared-textrel --fatal-warnings --fix-cortex-a8 --no-undefined -z noexecstack -z relro -z now --gc-sections -z nocopyreloc CMakeFiles/cmTC_bcd96.dir/CMakeCCompilerABI.c.o -lgcc -ldl -lc -lgcc -ldl /Users/yuefeng/tools/Android/android-ndk-r13b/platforms/android-24/arch-arm/usr/lib/../lib/crtend_android.o]
    arg [/Users/yuefeng/tools/Android/android-ndk-r13b/toolchains/arm-linux-androideabi-4.9/prebuilt/darwin-x86_64/lib/gcc/arm-linux-androideabi/4.9.x/../../../../arm-linux-androideabi/bin/ld] ==> ignore
    arg [--sysroot=/Users/yuefeng/tools/Android/android-ndk-r13b/platforms/android-24/arch-arm] ==> ignore
    arg [-pie] ==> ignore
    arg [-X] ==> ignore
    arg [--eh-frame-hdr] ==> ignore
    arg [-m] ==> ignore
    arg [armelf_linux_eabi] ==> ignore
    arg [-dynamic-linker] ==> ignore
    arg [/system/bin/linker] ==> ignore
    arg [-o] ==> ignore
    arg [cmTC_bcd96] ==> ignore
    arg [/Users/yuefeng/tools/Android/android-ndk-r13b/platforms/android-24/arch-arm/usr/lib/../lib/crtbegin_dynamic.o] ==> ignore
    arg [-L/Users/yuefeng/tools/Android/android-ndk-r13b/toolchains/arm-linux-androideabi-4.9/prebuilt/darwin-x86_64/lib/gcc/arm-linux-androideabi/4.9.x] ==> dir [/Users/yuefeng/tools/Android/android-ndk-r13b/toolchains/arm-linux-androideabi-4.9/prebuilt/darwin-x86_64/lib/gcc/arm-linux-androideabi/4.9.x]
    arg [-L/Users/yuefeng/tools/Android/android-ndk-r13b/toolchains/arm-linux-androideabi-4.9/prebuilt/darwin-x86_64/lib/gcc/arm-linux-androideabi/4.9.x/../../../../arm-linux-androideabi/lib/../lib] ==> dir [/Users/yuefeng/tools/Android/android-ndk-r13b/toolchains/arm-linux-androideabi-4.9/prebuilt/darwin-x86_64/lib/gcc/arm-linux-androideabi/4.9.x/../../../../arm-linux-androideabi/lib/../lib]
    arg [-L/Users/yuefeng/tools/Android/android-ndk-r13b/platforms/android-24/arch-arm/usr/lib/../lib] ==> dir [/Users/yuefeng/tools/Android/android-ndk-r13b/platforms/android-24/arch-arm/usr/lib/../lib]
    arg [-L/Users/yuefeng/tools/Android/android-ndk-r13b/toolchains/arm-linux-androideabi-4.9/prebuilt/darwin-x86_64/lib/gcc/arm-linux-androideabi/4.9.x/../../../../arm-linux-androideabi/lib] ==> dir [/Users/yuefeng/tools/Android/android-ndk-r13b/toolchains/arm-linux-androideabi-4.9/prebuilt/darwin-x86_64/lib/gcc/arm-linux-androideabi/4.9.x/../../../../arm-linux-androideabi/lib]
    arg [-L/Users/yuefeng/tools/Android/android-ndk-r13b/platforms/android-24/arch-arm/usr/lib] ==> dir [/Users/yuefeng/tools/Android/android-ndk-r13b/platforms/android-24/arch-arm/usr/lib]
    arg [--build-id] ==> ignore
    arg [--warn-shared-textrel] ==> ignore
    arg [--fatal-warnings] ==> ignore
    arg [--fix-cortex-a8] ==> ignore
    arg [--no-undefined] ==> ignore
    arg [-znoexecstack] ==> ignore
    arg [-zrelro] ==> ignore
    arg [-znow] ==> ignore
    arg [--gc-sections] ==> ignore
    arg [-znocopyreloc] ==> ignore
    arg [--build-id] ==> ignore
    arg [--warn-shared-textrel] ==> ignore
    arg [--fatal-warnings] ==> ignore
    arg [--fix-cortex-a8] ==> ignore
    arg [--no-undefined] ==> ignore
    arg [-znoexecstack] ==> ignore
    arg [-zrelro] ==> ignore
    arg [-znow] ==> ignore
    arg [--gc-sections] ==> ignore
    arg [-znocopyreloc] ==> ignore
    arg [CMakeFiles/cmTC_bcd96.dir/CMakeCCompilerABI.c.o] ==> ignore
    arg [-lgcc] ==> lib [gcc]
    arg [-ldl] ==> lib [dl]
    arg [-lc] ==> lib [c]
    arg [-lgcc] ==> lib [gcc]
    arg [-ldl] ==> lib [dl]
    arg [/Users/yuefeng/tools/Android/android-ndk-r13b/platforms/android-24/arch-arm/usr/lib/../lib/crtend_android.o] ==> ignore
  remove lib [gcc]
  remove lib [gcc]
  collapse library dir [/Users/yuefeng/tools/Android/android-ndk-r13b/toolchains/arm-linux-androideabi-4.9/prebuilt/darwin-x86_64/lib/gcc/arm-linux-androideabi/4.9.x] ==> [/Users/yuefeng/tools/Android/android-ndk-r13b/toolchains/arm-linux-androideabi-4.9/prebuilt/darwin-x86_64/lib/gcc/arm-linux-androideabi/4.9.x]
  collapse library dir [/Users/yuefeng/tools/Android/android-ndk-r13b/toolchains/arm-linux-androideabi-4.9/prebuilt/darwin-x86_64/lib/gcc/arm-linux-androideabi/4.9.x/../../../../arm-linux-androideabi/lib/../lib] ==> [/Users/yuefeng/tools/Android/android-ndk-r13b/toolchains/arm-linux-androideabi-4.9/prebuilt/darwin-x86_64/arm-linux-androideabi/lib]
  collapse library dir [/Users/yuefeng/tools/Android/android-ndk-r13b/platforms/android-24/arch-arm/usr/lib/../lib] ==> [/Users/yuefeng/tools/Android/android-ndk-r13b/platforms/android-24/arch-arm/usr/lib]
  collapse library dir [/Users/yuefeng/tools/Android/android-ndk-r13b/toolchains/arm-linux-androideabi-4.9/prebuilt/darwin-x86_64/lib/gcc/arm-linux-androideabi/4.9.x/../../../../arm-linux-androideabi/lib] ==> [/Users/yuefeng/tools/Android/android-ndk-r13b/toolchains/arm-linux-androideabi-4.9/prebuilt/darwin-x86_64/arm-linux-androideabi/lib]
  collapse library dir [/Users/yuefeng/tools/Android/android-ndk-r13b/platforms/android-24/arch-arm/usr/lib] ==> [/Users/yuefeng/tools/Android/android-ndk-r13b/platforms/android-24/arch-arm/usr/lib]
  implicit libs: [dl;c;dl]
  implicit dirs: [/Users/yuefeng/tools/Android/android-ndk-r13b/toolchains/arm-linux-androideabi-4.9/prebuilt/darwin-x86_64/lib/gcc/arm-linux-androideabi/4.9.x;/Users/yuefeng/tools/Android/android-ndk-r13b/toolchains/arm-linux-androideabi-4.9/prebuilt/darwin-x86_64/arm-linux-androideabi/lib;/Users/yuefeng/tools/Android/android-ndk-r13b/platforms/android-24/arch-arm/usr/lib]
  implicit fwks: []


Determining if the CXX compiler works passed with the following output:
Change Dir: /Users/yuefeng/workSpace/demo/myDemo/app/.cxx/cmake/debug/armeabi-v7a/CMakeFiles/CMakeTmp

Run Build Command:"/Users/yuefeng/tools/Android/sdk/cmake/3.6.4111459/bin/ninja" "cmTC_42c9d"
[1/2] Building CXX object CMakeFiles/cmTC_42c9d.dir/testCXXCompiler.cxx.o
[2/2] Linking CXX executable cmTC_42c9d


Detecting CXX compiler ABI info compiled with the following output:
Change Dir: /Users/yuefeng/workSpace/demo/myDemo/app/.cxx/cmake/debug/armeabi-v7a/CMakeFiles/CMakeTmp

Run Build Command:"/Users/yuefeng/tools/Android/sdk/cmake/3.6.4111459/bin/ninja" "cmTC_f48c2"
[1/2] Building CXX object CMakeFiles/cmTC_f48c2.dir/CMakeCXXCompilerABI.cpp.o
[2/2] Linking CXX executable cmTC_f48c2
Android clang version 3.8.256229  (based on LLVM 3.8.256229)
Target: armv7-none-linux-android
Thread model: posix
InstalledDir: /Users/yuefeng/tools/Android/android-ndk-r13b/toolchains/llvm/prebuilt/darwin-x86_64/bin
Found candidate GCC installation: /Users/yuefeng/tools/Android/android-ndk-r13b/toolchains/arm-linux-androideabi-4.9/prebuilt/darwin-x86_64/lib/gcc/arm-linux-androideabi/4.9.x
Selected GCC installation: /Users/yuefeng/tools/Android/android-ndk-r13b/toolchains/arm-linux-androideabi-4.9/prebuilt/darwin-x86_64/lib/gcc/arm-linux-androideabi/4.9.x
Candidate multilib: .;@m32
Selected multilib: .;@m32
 "/Users/yuefeng/tools/Android/android-ndk-r13b/toolchains/arm-linux-androideabi-4.9/prebuilt/darwin-x86_64/lib/gcc/arm-linux-androideabi/4.9.x/../../../../arm-linux-androideabi/bin/ld" --sysroot=/Users/yuefeng/tools/Android/android-ndk-r13b/platforms/android-24/arch-arm -pie -X --eh-frame-hdr -m armelf_linux_eabi -dynamic-linker /system/bin/linker -o cmTC_f48c2 /Users/yuefeng/tools/Android/android-ndk-r13b/platforms/android-24/arch-arm/usr/lib/../lib/crtbegin_dynamic.o -L/Users/yuefeng/tools/Android/android-ndk-r13b/toolchains/arm-linux-androideabi-4.9/prebuilt/darwin-x86_64/lib/gcc/arm-linux-androideabi/4.9.x -L/Users/yuefeng/tools/Android/android-ndk-r13b/toolchains/arm-linux-androideabi-4.9/prebuilt/darwin-x86_64/lib/gcc/arm-linux-androideabi/4.9.x/../../../../arm-linux-androideabi/lib/../lib -L/Users/yuefeng/tools/Android/android-ndk-r13b/platforms/android-24/arch-arm/usr/lib/../lib -L/Users/yuefeng/tools/Android/android-ndk-r13b/toolchains/arm-linux-androideabi-4.9/prebuilt/darwin-x86_64/lib/gcc/arm-linux-androideabi/4.9.x/../../../../arm-linux-androideabi/lib -L/Users/yuefeng/tools/Android/android-ndk-r13b/platforms/android-24/arch-arm/usr/lib --build-id --warn-shared-textrel --fatal-warnings --fix-cortex-a8 --no-undefined -z noexecstack -z relro -z now --gc-sections -z nocopyreloc --build-id --warn-shared-textrel --fatal-warnings --fix-cortex-a8 --no-undefined -z noexecstack -z relro -z now --gc-sections -z nocopyreloc CMakeFiles/cmTC_f48c2.dir/CMakeCXXCompilerABI.cpp.o -lstdc++ -lm -lgcc -lgcc -ldl -lc -lgcc -lgcc -ldl /Users/yuefeng/tools/Android/android-ndk-r13b/platforms/android-24/arch-arm/usr/lib/../lib/crtend_android.o


Parsed CXX implicit link information from above output:
  link line regex: [^( *|.*[/\])(arm-linux-androideabi-ld|([^/\]+-)?ld|collect2)[^/\]*( |$)]
  ignore line: [Change Dir: /Users/yuefeng/workSpace/demo/myDemo/app/.cxx/cmake/debug/armeabi-v7a/CMakeFiles/CMakeTmp]
  ignore line: []
  ignore line: [Run Build Command:"/Users/yuefeng/tools/Android/sdk/cmake/3.6.4111459/bin/ninja" "cmTC_f48c2"]
  ignore line: [[1/2] Building CXX object CMakeFiles/cmTC_f48c2.dir/CMakeCXXCompilerABI.cpp.o]
  ignore line: [[2/2] Linking CXX executable cmTC_f48c2]
  ignore line: [Android clang version 3.8.256229  (based on LLVM 3.8.256229)]
  ignore line: [Target: armv7-none-linux-android]
  ignore line: [Thread model: posix]
  ignore line: [InstalledDir: /Users/yuefeng/tools/Android/android-ndk-r13b/toolchains/llvm/prebuilt/darwin-x86_64/bin]
  ignore line: [Found candidate GCC installation: /Users/yuefeng/tools/Android/android-ndk-r13b/toolchains/arm-linux-androideabi-4.9/prebuilt/darwin-x86_64/lib/gcc/arm-linux-androideabi/4.9.x]
  ignore line: [Selected GCC installation: /Users/yuefeng/tools/Android/android-ndk-r13b/toolchains/arm-linux-androideabi-4.9/prebuilt/darwin-x86_64/lib/gcc/arm-linux-androideabi/4.9.x]
  ignore line: [Candidate multilib: .]
  ignore line: [@m32]
  ignore line: [Selected multilib: .]
  ignore line: [@m32]
  link line: [ "/Users/yuefeng/tools/Android/android-ndk-r13b/toolchains/arm-linux-androideabi-4.9/prebuilt/darwin-x86_64/lib/gcc/arm-linux-androideabi/4.9.x/../../../../arm-linux-androideabi/bin/ld" --sysroot=/Users/yuefeng/tools/Android/android-ndk-r13b/platforms/android-24/arch-arm -pie -X --eh-frame-hdr -m armelf_linux_eabi -dynamic-linker /system/bin/linker -o cmTC_f48c2 /Users/yuefeng/tools/Android/android-ndk-r13b/platforms/android-24/arch-arm/usr/lib/../lib/crtbegin_dynamic.o -L/Users/yuefeng/tools/Android/android-ndk-r13b/toolchains/arm-linux-androideabi-4.9/prebuilt/darwin-x86_64/lib/gcc/arm-linux-androideabi/4.9.x -L/Users/yuefeng/tools/Android/android-ndk-r13b/toolchains/arm-linux-androideabi-4.9/prebuilt/darwin-x86_64/lib/gcc/arm-linux-androideabi/4.9.x/../../../../arm-linux-androideabi/lib/../lib -L/Users/yuefeng/tools/Android/android-ndk-r13b/platforms/android-24/arch-arm/usr/lib/../lib -L/Users/yuefeng/tools/Android/android-ndk-r13b/toolchains/arm-linux-androideabi-4.9/prebuilt/darwin-x86_64/lib/gcc/arm-linux-androideabi/4.9.x/../../../../arm-linux-androideabi/lib -L/Users/yuefeng/tools/Android/android-ndk-r13b/platforms/android-24/arch-arm/usr/lib --build-id --warn-shared-textrel --fatal-warnings --fix-cortex-a8 --no-undefined -z noexecstack -z relro -z now --gc-sections -z nocopyreloc --build-id --warn-shared-textrel --fatal-warnings --fix-cortex-a8 --no-undefined -z noexecstack -z relro -z now --gc-sections -z nocopyreloc CMakeFiles/cmTC_f48c2.dir/CMakeCXXCompilerABI.cpp.o -lstdc++ -lm -lgcc -lgcc -ldl -lc -lgcc -lgcc -ldl /Users/yuefeng/tools/Android/android-ndk-r13b/platforms/android-24/arch-arm/usr/lib/../lib/crtend_android.o]
    arg [/Users/yuefeng/tools/Android/android-ndk-r13b/toolchains/arm-linux-androideabi-4.9/prebuilt/darwin-x86_64/lib/gcc/arm-linux-androideabi/4.9.x/../../../../arm-linux-androideabi/bin/ld] ==> ignore
    arg [--sysroot=/Users/yuefeng/tools/Android/android-ndk-r13b/platforms/android-24/arch-arm] ==> ignore
    arg [-pie] ==> ignore
    arg [-X] ==> ignore
    arg [--eh-frame-hdr] ==> ignore
    arg [-m] ==> ignore
    arg [armelf_linux_eabi] ==> ignore
    arg [-dynamic-linker] ==> ignore
    arg [/system/bin/linker] ==> ignore
    arg [-o] ==> ignore
    arg [cmTC_f48c2] ==> ignore
    arg [/Users/yuefeng/tools/Android/android-ndk-r13b/platforms/android-24/arch-arm/usr/lib/../lib/crtbegin_dynamic.o] ==> ignore
    arg [-L/Users/yuefeng/tools/Android/android-ndk-r13b/toolchains/arm-linux-androideabi-4.9/prebuilt/darwin-x86_64/lib/gcc/arm-linux-androideabi/4.9.x] ==> dir [/Users/yuefeng/tools/Android/android-ndk-r13b/toolchains/arm-linux-androideabi-4.9/prebuilt/darwin-x86_64/lib/gcc/arm-linux-androideabi/4.9.x]
    arg [-L/Users/yuefeng/tools/Android/android-ndk-r13b/toolchains/arm-linux-androideabi-4.9/prebuilt/darwin-x86_64/lib/gcc/arm-linux-androideabi/4.9.x/../../../../arm-linux-androideabi/lib/../lib] ==> dir [/Users/yuefeng/tools/Android/android-ndk-r13b/toolchains/arm-linux-androideabi-4.9/prebuilt/darwin-x86_64/lib/gcc/arm-linux-androideabi/4.9.x/../../../../arm-linux-androideabi/lib/../lib]
    arg [-L/Users/yuefeng/tools/Android/android-ndk-r13b/platforms/android-24/arch-arm/usr/lib/../lib] ==> dir [/Users/yuefeng/tools/Android/android-ndk-r13b/platforms/android-24/arch-arm/usr/lib/../lib]
    arg [-L/Users/yuefeng/tools/Android/android-ndk-r13b/toolchains/arm-linux-androideabi-4.9/prebuilt/darwin-x86_64/lib/gcc/arm-linux-androideabi/4.9.x/../../../../arm-linux-androideabi/lib] ==> dir [/Users/yuefeng/tools/Android/android-ndk-r13b/toolchains/arm-linux-androideabi-4.9/prebuilt/darwin-x86_64/lib/gcc/arm-linux-androideabi/4.9.x/../../../../arm-linux-androideabi/lib]
    arg [-L/Users/yuefeng/tools/Android/android-ndk-r13b/platforms/android-24/arch-arm/usr/lib] ==> dir [/Users/yuefeng/tools/Android/android-ndk-r13b/platforms/android-24/arch-arm/usr/lib]
    arg [--build-id] ==> ignore
    arg [--warn-shared-textrel] ==> ignore
    arg [--fatal-warnings] ==> ignore
    arg [--fix-cortex-a8] ==> ignore
    arg [--no-undefined] ==> ignore
    arg [-znoexecstack] ==> ignore
    arg [-zrelro] ==> ignore
    arg [-znow] ==> ignore
    arg [--gc-sections] ==> ignore
    arg [-znocopyreloc] ==> ignore
    arg [--build-id] ==> ignore
    arg [--warn-shared-textrel] ==> ignore
    arg [--fatal-warnings] ==> ignore
    arg [--fix-cortex-a8] ==> ignore
    arg [--no-undefined] ==> ignore
    arg [-znoexecstack] ==> ignore
    arg [-zrelro] ==> ignore
    arg [-znow] ==> ignore
    arg [--gc-sections] ==> ignore
    arg [-znocopyreloc] ==> ignore
    arg [CMakeFiles/cmTC_f48c2.dir/CMakeCXXCompilerABI.cpp.o] ==> ignore
    arg [-lstdc++] ==> lib [stdc++]
    arg [-lm] ==> lib [m]
    arg [-lgcc] ==> lib [gcc]
    arg [-lgcc] ==> lib [gcc]
    arg [-ldl] ==> lib [dl]
    arg [-lc] ==> lib [c]
    arg [-lgcc] ==> lib [gcc]
    arg [-lgcc] ==> lib [gcc]
    arg [-ldl] ==> lib [dl]
    arg [/Users/yuefeng/tools/Android/android-ndk-r13b/platforms/android-24/arch-arm/usr/lib/../lib/crtend_android.o] ==> ignore
  remove lib [gcc]
  remove lib [gcc]
  remove lib [gcc]
  remove lib [gcc]
  collapse library dir [/Users/yuefeng/tools/Android/android-ndk-r13b/toolchains/arm-linux-androideabi-4.9/prebuilt/darwin-x86_64/lib/gcc/arm-linux-androideabi/4.9.x] ==> [/Users/yuefeng/tools/Android/android-ndk-r13b/toolchains/arm-linux-androideabi-4.9/prebuilt/darwin-x86_64/lib/gcc/arm-linux-androideabi/4.9.x]
  collapse library dir [/Users/yuefeng/tools/Android/android-ndk-r13b/toolchains/arm-linux-androideabi-4.9/prebuilt/darwin-x86_64/lib/gcc/arm-linux-androideabi/4.9.x/../../../../arm-linux-androideabi/lib/../lib] ==> [/Users/yuefeng/tools/Android/android-ndk-r13b/toolchains/arm-linux-androideabi-4.9/prebuilt/darwin-x86_64/arm-linux-androideabi/lib]
  collapse library dir [/Users/yuefeng/tools/Android/android-ndk-r13b/platforms/android-24/arch-arm/usr/lib/../lib] ==> [/Users/yuefeng/tools/Android/android-ndk-r13b/platforms/android-24/arch-arm/usr/lib]
  collapse library dir [/Users/yuefeng/tools/Android/android-ndk-r13b/toolchains/arm-linux-androideabi-4.9/prebuilt/darwin-x86_64/lib/gcc/arm-linux-androideabi/4.9.x/../../../../arm-linux-androideabi/lib] ==> [/Users/yuefeng/tools/Android/android-ndk-r13b/toolchains/arm-linux-androideabi-4.9/prebuilt/darwin-x86_64/arm-linux-androideabi/lib]
  collapse library dir [/Users/yuefeng/tools/Android/android-ndk-r13b/platforms/android-24/arch-arm/usr/lib] ==> [/Users/yuefeng/tools/Android/android-ndk-r13b/platforms/android-24/arch-arm/usr/lib]
  implicit libs: [stdc++;m;dl;c;dl]
  implicit dirs: [/Users/yuefeng/tools/Android/android-ndk-r13b/toolchains/arm-linux-androideabi-4.9/prebuilt/darwin-x86_64/lib/gcc/arm-linux-androideabi/4.9.x;/Users/yuefeng/tools/Android/android-ndk-r13b/toolchains/arm-linux-androideabi-4.9/prebuilt/darwin-x86_64/arm-linux-androideabi/lib;/Users/yuefeng/tools/Android/android-ndk-r13b/platforms/android-24/arch-arm/usr/lib]
  implicit fwks: []


