The target system is: Android - 24 - aarch64
The host system is: Darwin - 18.7.0 - x86_64
Determining if the C compiler works passed with the following output:
Change Dir: /Users/yuefeng/workSpace/demo/myDemo/app/.cxx/cmake/release/arm64-v8a/CMakeFiles/CMakeTmp

Run Build Command:"/Users/yuefeng/tools/Android/sdk/cmake/3.6.4111459/bin/ninja" "cmTC_585a6"
[1/2] Building C object CMakeFiles/cmTC_585a6.dir/testCCompiler.c.o
[2/2] Linking C executable cmTC_585a6


Detecting C compiler ABI info compiled with the following output:
Change Dir: /Users/yuefeng/workSpace/demo/myDemo/app/.cxx/cmake/release/arm64-v8a/CMakeFiles/CMakeTmp

Run Build Command:"/Users/yuefeng/tools/Android/sdk/cmake/3.6.4111459/bin/ninja" "cmTC_20f19"
[1/2] Building C object CMakeFiles/cmTC_20f19.dir/CMakeCCompilerABI.c.o
[2/2] Linking C executable cmTC_20f19
Android clang version 3.8.256229  (based on LLVM 3.8.256229)
Target: aarch64-none-linux-android
Thread model: posix
InstalledDir: /Users/yuefeng/tools/Android/android-ndk-r13b/toolchains/llvm/prebuilt/darwin-x86_64/bin
Found candidate GCC installation: /Users/yuefeng/tools/Android/android-ndk-r13b/toolchains/aarch64-linux-android-4.9/prebuilt/darwin-x86_64/lib/gcc/aarch64-linux-android/4.9.x
Selected GCC installation: /Users/yuefeng/tools/Android/android-ndk-r13b/toolchains/aarch64-linux-android-4.9/prebuilt/darwin-x86_64/lib/gcc/aarch64-linux-android/4.9.x
Candidate multilib: .;@m64
Selected multilib: .;@m64
 "/Users/yuefeng/tools/Android/android-ndk-r13b/toolchains/aarch64-linux-android-4.9/prebuilt/darwin-x86_64/lib/gcc/aarch64-linux-android/4.9.x/../../../../aarch64-linux-android/bin/ld" --sysroot=/Users/yuefeng/tools/Android/android-ndk-r13b/platforms/android-24/arch-arm64 -pie --eh-frame-hdr -m aarch64linux -dynamic-linker /system/bin/linker64 -o cmTC_20f19 /Users/yuefeng/tools/Android/android-ndk-r13b/platforms/android-24/arch-arm64/usr/lib/crtbegin_dynamic.o -L/Users/yuefeng/tools/Android/android-ndk-r13b/toolchains/aarch64-linux-android-4.9/prebuilt/darwin-x86_64/lib/gcc/aarch64-linux-android/4.9.x -L/Users/yuefeng/tools/Android/android-ndk-r13b/toolchains/aarch64-linux-android-4.9/prebuilt/darwin-x86_64/lib/gcc/aarch64-linux-android/4.9.x/../../../../aarch64-linux-android/lib/../lib64 -L/Users/yuefeng/tools/Android/android-ndk-r13b/toolchains/aarch64-linux-android-4.9/prebuilt/darwin-x86_64/lib/gcc/aarch64-linux-android/4.9.x/../../../../aarch64-linux-android/lib -L/Users/yuefeng/tools/Android/android-ndk-r13b/platforms/android-24/arch-arm64/usr/lib --build-id --warn-shared-textrel --fatal-warnings --no-undefined -z noexecstack -z relro -z now --gc-sections -z nocopyreloc --build-id --warn-shared-textrel --fatal-warnings --no-undefined -z noexecstack -z relro -z now --gc-sections -z nocopyreloc CMakeFiles/cmTC_20f19.dir/CMakeCCompilerABI.c.o -lgcc -ldl -lc -lgcc -ldl /Users/yuefeng/tools/Android/android-ndk-r13b/platforms/android-24/arch-arm64/usr/lib/crtend_android.o


Parsed C implicit link information from above output:
  link line regex: [^( *|.*[/\])(aarch64-linux-android-ld|([^/\]+-)?ld|collect2)[^/\]*( |$)]
  ignore line: [Change Dir: /Users/yuefeng/workSpace/demo/myDemo/app/.cxx/cmake/release/arm64-v8a/CMakeFiles/CMakeTmp]
  ignore line: []
  ignore line: [Run Build Command:"/Users/yuefeng/tools/Android/sdk/cmake/3.6.4111459/bin/ninja" "cmTC_20f19"]
  ignore line: [[1/2] Building C object CMakeFiles/cmTC_20f19.dir/CMakeCCompilerABI.c.o]
  ignore line: [[2/2] Linking C executable cmTC_20f19]
  ignore line: [Android clang version 3.8.256229  (based on LLVM 3.8.256229)]
  ignore line: [Target: aarch64-none-linux-android]
  ignore line: [Thread model: posix]
  ignore line: [InstalledDir: /Users/yuefeng/tools/Android/android-ndk-r13b/toolchains/llvm/prebuilt/darwin-x86_64/bin]
  ignore line: [Found candidate GCC installation: /Users/yuefeng/tools/Android/android-ndk-r13b/toolchains/aarch64-linux-android-4.9/prebuilt/darwin-x86_64/lib/gcc/aarch64-linux-android/4.9.x]
  ignore line: [Selected GCC installation: /Users/yuefeng/tools/Android/android-ndk-r13b/toolchains/aarch64-linux-android-4.9/prebuilt/darwin-x86_64/lib/gcc/aarch64-linux-android/4.9.x]
  ignore line: [Candidate multilib: .]
  ignore line: [@m64]
  ignore line: [Selected multilib: .]
  ignore line: [@m64]
  link line: [ "/Users/yuefeng/tools/Android/android-ndk-r13b/toolchains/aarch64-linux-android-4.9/prebuilt/darwin-x86_64/lib/gcc/aarch64-linux-android/4.9.x/../../../../aarch64-linux-android/bin/ld" --sysroot=/Users/yuefeng/tools/Android/android-ndk-r13b/platforms/android-24/arch-arm64 -pie --eh-frame-hdr -m aarch64linux -dynamic-linker /system/bin/linker64 -o cmTC_20f19 /Users/yuefeng/tools/Android/android-ndk-r13b/platforms/android-24/arch-arm64/usr/lib/crtbegin_dynamic.o -L/Users/yuefeng/tools/Android/android-ndk-r13b/toolchains/aarch64-linux-android-4.9/prebuilt/darwin-x86_64/lib/gcc/aarch64-linux-android/4.9.x -L/Users/yuefeng/tools/Android/android-ndk-r13b/toolchains/aarch64-linux-android-4.9/prebuilt/darwin-x86_64/lib/gcc/aarch64-linux-android/4.9.x/../../../../aarch64-linux-android/lib/../lib64 -L/Users/yuefeng/tools/Android/android-ndk-r13b/toolchains/aarch64-linux-android-4.9/prebuilt/darwin-x86_64/lib/gcc/aarch64-linux-android/4.9.x/../../../../aarch64-linux-android/lib -L/Users/yuefeng/tools/Android/android-ndk-r13b/platforms/android-24/arch-arm64/usr/lib --build-id --warn-shared-textrel --fatal-warnings --no-undefined -z noexecstack -z relro -z now --gc-sections -z nocopyreloc --build-id --warn-shared-textrel --fatal-warnings --no-undefined -z noexecstack -z relro -z now --gc-sections -z nocopyreloc CMakeFiles/cmTC_20f19.dir/CMakeCCompilerABI.c.o -lgcc -ldl -lc -lgcc -ldl /Users/yuefeng/tools/Android/android-ndk-r13b/platforms/android-24/arch-arm64/usr/lib/crtend_android.o]
    arg [/Users/yuefeng/tools/Android/android-ndk-r13b/toolchains/aarch64-linux-android-4.9/prebuilt/darwin-x86_64/lib/gcc/aarch64-linux-android/4.9.x/../../../../aarch64-linux-android/bin/ld] ==> ignore
    arg [--sysroot=/Users/yuefeng/tools/Android/android-ndk-r13b/platforms/android-24/arch-arm64] ==> ignore
    arg [-pie] ==> ignore
    arg [--eh-frame-hdr] ==> ignore
    arg [-m] ==> ignore
    arg [aarch64linux] ==> ignore
    arg [-dynamic-linker] ==> ignore
    arg [/system/bin/linker64] ==> ignore
    arg [-o] ==> ignore
    arg [cmTC_20f19] ==> ignore
    arg [/Users/yuefeng/tools/Android/android-ndk-r13b/platforms/android-24/arch-arm64/usr/lib/crtbegin_dynamic.o] ==> ignore
    arg [-L/Users/yuefeng/tools/Android/android-ndk-r13b/toolchains/aarch64-linux-android-4.9/prebuilt/darwin-x86_64/lib/gcc/aarch64-linux-android/4.9.x] ==> dir [/Users/yuefeng/tools/Android/android-ndk-r13b/toolchains/aarch64-linux-android-4.9/prebuilt/darwin-x86_64/lib/gcc/aarch64-linux-android/4.9.x]
    arg [-L/Users/yuefeng/tools/Android/android-ndk-r13b/toolchains/aarch64-linux-android-4.9/prebuilt/darwin-x86_64/lib/gcc/aarch64-linux-android/4.9.x/../../../../aarch64-linux-android/lib/../lib64] ==> dir [/Users/yuefeng/tools/Android/android-ndk-r13b/toolchains/aarch64-linux-android-4.9/prebuilt/darwin-x86_64/lib/gcc/aarch64-linux-android/4.9.x/../../../../aarch64-linux-android/lib/../lib64]
    arg [-L/Users/yuefeng/tools/Android/android-ndk-r13b/toolchains/aarch64-linux-android-4.9/prebuilt/darwin-x86_64/lib/gcc/aarch64-linux-android/4.9.x/../../../../aarch64-linux-android/lib] ==> dir [/Users/yuefeng/tools/Android/android-ndk-r13b/toolchains/aarch64-linux-android-4.9/prebuilt/darwin-x86_64/lib/gcc/aarch64-linux-android/4.9.x/../../../../aarch64-linux-android/lib]
    arg [-L/Users/yuefeng/tools/Android/android-ndk-r13b/platforms/android-24/arch-arm64/usr/lib] ==> dir [/Users/yuefeng/tools/Android/android-ndk-r13b/platforms/android-24/arch-arm64/usr/lib]
    arg [--build-id] ==> ignore
    arg [--warn-shared-textrel] ==> ignore
    arg [--fatal-warnings] ==> ignore
    arg [--no-undefined] ==> ignore
    arg [-znoexecstack] ==> ignore
    arg [-zrelro] ==> ignore
    arg [-znow] ==> ignore
    arg [--gc-sections] ==> ignore
    arg [-znocopyreloc] ==> ignore
    arg [--build-id] ==> ignore
    arg [--warn-shared-textrel] ==> ignore
    arg [--fatal-warnings] ==> ignore
    arg [--no-undefined] ==> ignore
    arg [-znoexecstack] ==> ignore
    arg [-zrelro] ==> ignore
    arg [-znow] ==> ignore
    arg [--gc-sections] ==> ignore
    arg [-znocopyreloc] ==> ignore
    arg [CMakeFiles/cmTC_20f19.dir/CMakeCCompilerABI.c.o] ==> ignore
    arg [-lgcc] ==> lib [gcc]
    arg [-ldl] ==> lib [dl]
    arg [-lc] ==> lib [c]
    arg [-lgcc] ==> lib [gcc]
    arg [-ldl] ==> lib [dl]
    arg [/Users/yuefeng/tools/Android/android-ndk-r13b/platforms/android-24/arch-arm64/usr/lib/crtend_android.o] ==> ignore
  remove lib [gcc]
  remove lib [gcc]
  collapse library dir [/Users/yuefeng/tools/Android/android-ndk-r13b/toolchains/aarch64-linux-android-4.9/prebuilt/darwin-x86_64/lib/gcc/aarch64-linux-android/4.9.x] ==> [/Users/yuefeng/tools/Android/android-ndk-r13b/toolchains/aarch64-linux-android-4.9/prebuilt/darwin-x86_64/lib/gcc/aarch64-linux-android/4.9.x]
  collapse library dir [/Users/yuefeng/tools/Android/android-ndk-r13b/toolchains/aarch64-linux-android-4.9/prebuilt/darwin-x86_64/lib/gcc/aarch64-linux-android/4.9.x/../../../../aarch64-linux-android/lib/../lib64] ==> [/Users/yuefeng/tools/Android/android-ndk-r13b/toolchains/aarch64-linux-android-4.9/prebuilt/darwin-x86_64/aarch64-linux-android/lib64]
  collapse library dir [/Users/yuefeng/tools/Android/android-ndk-r13b/toolchains/aarch64-linux-android-4.9/prebuilt/darwin-x86_64/lib/gcc/aarch64-linux-android/4.9.x/../../../../aarch64-linux-android/lib] ==> [/Users/yuefeng/tools/Android/android-ndk-r13b/toolchains/aarch64-linux-android-4.9/prebuilt/darwin-x86_64/aarch64-linux-android/lib]
  collapse library dir [/Users/yuefeng/tools/Android/android-ndk-r13b/platforms/android-24/arch-arm64/usr/lib] ==> [/Users/yuefeng/tools/Android/android-ndk-r13b/platforms/android-24/arch-arm64/usr/lib]
  implicit libs: [dl;c;dl]
  implicit dirs: [/Users/yuefeng/tools/Android/android-ndk-r13b/toolchains/aarch64-linux-android-4.9/prebuilt/darwin-x86_64/lib/gcc/aarch64-linux-android/4.9.x;/Users/yuefeng/tools/Android/android-ndk-r13b/toolchains/aarch64-linux-android-4.9/prebuilt/darwin-x86_64/aarch64-linux-android/lib64;/Users/yuefeng/tools/Android/android-ndk-r13b/toolchains/aarch64-linux-android-4.9/prebuilt/darwin-x86_64/aarch64-linux-android/lib;/Users/yuefeng/tools/Android/android-ndk-r13b/platforms/android-24/arch-arm64/usr/lib]
  implicit fwks: []


Determining if the CXX compiler works passed with the following output:
Change Dir: /Users/yuefeng/workSpace/demo/myDemo/app/.cxx/cmake/release/arm64-v8a/CMakeFiles/CMakeTmp

Run Build Command:"/Users/yuefeng/tools/Android/sdk/cmake/3.6.4111459/bin/ninja" "cmTC_b0dd7"
[1/2] Building CXX object CMakeFiles/cmTC_b0dd7.dir/testCXXCompiler.cxx.o
[2/2] Linking CXX executable cmTC_b0dd7


Detecting CXX compiler ABI info compiled with the following output:
Change Dir: /Users/yuefeng/workSpace/demo/myDemo/app/.cxx/cmake/release/arm64-v8a/CMakeFiles/CMakeTmp

Run Build Command:"/Users/yuefeng/tools/Android/sdk/cmake/3.6.4111459/bin/ninja" "cmTC_5b953"
[1/2] Building CXX object CMakeFiles/cmTC_5b953.dir/CMakeCXXCompilerABI.cpp.o
[2/2] Linking CXX executable cmTC_5b953
Android clang version 3.8.256229  (based on LLVM 3.8.256229)
Target: aarch64-none-linux-android
Thread model: posix
InstalledDir: /Users/yuefeng/tools/Android/android-ndk-r13b/toolchains/llvm/prebuilt/darwin-x86_64/bin
Found candidate GCC installation: /Users/yuefeng/tools/Android/android-ndk-r13b/toolchains/aarch64-linux-android-4.9/prebuilt/darwin-x86_64/lib/gcc/aarch64-linux-android/4.9.x
Selected GCC installation: /Users/yuefeng/tools/Android/android-ndk-r13b/toolchains/aarch64-linux-android-4.9/prebuilt/darwin-x86_64/lib/gcc/aarch64-linux-android/4.9.x
Candidate multilib: .;@m64
Selected multilib: .;@m64
 "/Users/yuefeng/tools/Android/android-ndk-r13b/toolchains/aarch64-linux-android-4.9/prebuilt/darwin-x86_64/lib/gcc/aarch64-linux-android/4.9.x/../../../../aarch64-linux-android/bin/ld" --sysroot=/Users/yuefeng/tools/Android/android-ndk-r13b/platforms/android-24/arch-arm64 -pie --eh-frame-hdr -m aarch64linux -dynamic-linker /system/bin/linker64 -o cmTC_5b953 /Users/yuefeng/tools/Android/android-ndk-r13b/platforms/android-24/arch-arm64/usr/lib/crtbegin_dynamic.o -L/Users/yuefeng/tools/Android/android-ndk-r13b/toolchains/aarch64-linux-android-4.9/prebuilt/darwin-x86_64/lib/gcc/aarch64-linux-android/4.9.x -L/Users/yuefeng/tools/Android/android-ndk-r13b/toolchains/aarch64-linux-android-4.9/prebuilt/darwin-x86_64/lib/gcc/aarch64-linux-android/4.9.x/../../../../aarch64-linux-android/lib/../lib64 -L/Users/yuefeng/tools/Android/android-ndk-r13b/toolchains/aarch64-linux-android-4.9/prebuilt/darwin-x86_64/lib/gcc/aarch64-linux-android/4.9.x/../../../../aarch64-linux-android/lib -L/Users/yuefeng/tools/Android/android-ndk-r13b/platforms/android-24/arch-arm64/usr/lib --build-id --warn-shared-textrel --fatal-warnings --no-undefined -z noexecstack -z relro -z now --gc-sections -z nocopyreloc --build-id --warn-shared-textrel --fatal-warnings --no-undefined -z noexecstack -z relro -z now --gc-sections -z nocopyreloc CMakeFiles/cmTC_5b953.dir/CMakeCXXCompilerABI.cpp.o -lstdc++ -lm -lgcc -lgcc -ldl -lc -lgcc -lgcc -ldl /Users/yuefeng/tools/Android/android-ndk-r13b/platforms/android-24/arch-arm64/usr/lib/crtend_android.o


Parsed CXX implicit link information from above output:
  link line regex: [^( *|.*[/\])(aarch64-linux-android-ld|([^/\]+-)?ld|collect2)[^/\]*( |$)]
  ignore line: [Change Dir: /Users/yuefeng/workSpace/demo/myDemo/app/.cxx/cmake/release/arm64-v8a/CMakeFiles/CMakeTmp]
  ignore line: []
  ignore line: [Run Build Command:"/Users/yuefeng/tools/Android/sdk/cmake/3.6.4111459/bin/ninja" "cmTC_5b953"]
  ignore line: [[1/2] Building CXX object CMakeFiles/cmTC_5b953.dir/CMakeCXXCompilerABI.cpp.o]
  ignore line: [[2/2] Linking CXX executable cmTC_5b953]
  ignore line: [Android clang version 3.8.256229  (based on LLVM 3.8.256229)]
  ignore line: [Target: aarch64-none-linux-android]
  ignore line: [Thread model: posix]
  ignore line: [InstalledDir: /Users/yuefeng/tools/Android/android-ndk-r13b/toolchains/llvm/prebuilt/darwin-x86_64/bin]
  ignore line: [Found candidate GCC installation: /Users/yuefeng/tools/Android/android-ndk-r13b/toolchains/aarch64-linux-android-4.9/prebuilt/darwin-x86_64/lib/gcc/aarch64-linux-android/4.9.x]
  ignore line: [Selected GCC installation: /Users/yuefeng/tools/Android/android-ndk-r13b/toolchains/aarch64-linux-android-4.9/prebuilt/darwin-x86_64/lib/gcc/aarch64-linux-android/4.9.x]
  ignore line: [Candidate multilib: .]
  ignore line: [@m64]
  ignore line: [Selected multilib: .]
  ignore line: [@m64]
  link line: [ "/Users/yuefeng/tools/Android/android-ndk-r13b/toolchains/aarch64-linux-android-4.9/prebuilt/darwin-x86_64/lib/gcc/aarch64-linux-android/4.9.x/../../../../aarch64-linux-android/bin/ld" --sysroot=/Users/yuefeng/tools/Android/android-ndk-r13b/platforms/android-24/arch-arm64 -pie --eh-frame-hdr -m aarch64linux -dynamic-linker /system/bin/linker64 -o cmTC_5b953 /Users/yuefeng/tools/Android/android-ndk-r13b/platforms/android-24/arch-arm64/usr/lib/crtbegin_dynamic.o -L/Users/yuefeng/tools/Android/android-ndk-r13b/toolchains/aarch64-linux-android-4.9/prebuilt/darwin-x86_64/lib/gcc/aarch64-linux-android/4.9.x -L/Users/yuefeng/tools/Android/android-ndk-r13b/toolchains/aarch64-linux-android-4.9/prebuilt/darwin-x86_64/lib/gcc/aarch64-linux-android/4.9.x/../../../../aarch64-linux-android/lib/../lib64 -L/Users/yuefeng/tools/Android/android-ndk-r13b/toolchains/aarch64-linux-android-4.9/prebuilt/darwin-x86_64/lib/gcc/aarch64-linux-android/4.9.x/../../../../aarch64-linux-android/lib -L/Users/yuefeng/tools/Android/android-ndk-r13b/platforms/android-24/arch-arm64/usr/lib --build-id --warn-shared-textrel --fatal-warnings --no-undefined -z noexecstack -z relro -z now --gc-sections -z nocopyreloc --build-id --warn-shared-textrel --fatal-warnings --no-undefined -z noexecstack -z relro -z now --gc-sections -z nocopyreloc CMakeFiles/cmTC_5b953.dir/CMakeCXXCompilerABI.cpp.o -lstdc++ -lm -lgcc -lgcc -ldl -lc -lgcc -lgcc -ldl /Users/yuefeng/tools/Android/android-ndk-r13b/platforms/android-24/arch-arm64/usr/lib/crtend_android.o]
    arg [/Users/yuefeng/tools/Android/android-ndk-r13b/toolchains/aarch64-linux-android-4.9/prebuilt/darwin-x86_64/lib/gcc/aarch64-linux-android/4.9.x/../../../../aarch64-linux-android/bin/ld] ==> ignore
    arg [--sysroot=/Users/yuefeng/tools/Android/android-ndk-r13b/platforms/android-24/arch-arm64] ==> ignore
    arg [-pie] ==> ignore
    arg [--eh-frame-hdr] ==> ignore
    arg [-m] ==> ignore
    arg [aarch64linux] ==> ignore
    arg [-dynamic-linker] ==> ignore
    arg [/system/bin/linker64] ==> ignore
    arg [-o] ==> ignore
    arg [cmTC_5b953] ==> ignore
    arg [/Users/yuefeng/tools/Android/android-ndk-r13b/platforms/android-24/arch-arm64/usr/lib/crtbegin_dynamic.o] ==> ignore
    arg [-L/Users/yuefeng/tools/Android/android-ndk-r13b/toolchains/aarch64-linux-android-4.9/prebuilt/darwin-x86_64/lib/gcc/aarch64-linux-android/4.9.x] ==> dir [/Users/yuefeng/tools/Android/android-ndk-r13b/toolchains/aarch64-linux-android-4.9/prebuilt/darwin-x86_64/lib/gcc/aarch64-linux-android/4.9.x]
    arg [-L/Users/yuefeng/tools/Android/android-ndk-r13b/toolchains/aarch64-linux-android-4.9/prebuilt/darwin-x86_64/lib/gcc/aarch64-linux-android/4.9.x/../../../../aarch64-linux-android/lib/../lib64] ==> dir [/Users/yuefeng/tools/Android/android-ndk-r13b/toolchains/aarch64-linux-android-4.9/prebuilt/darwin-x86_64/lib/gcc/aarch64-linux-android/4.9.x/../../../../aarch64-linux-android/lib/../lib64]
    arg [-L/Users/yuefeng/tools/Android/android-ndk-r13b/toolchains/aarch64-linux-android-4.9/prebuilt/darwin-x86_64/lib/gcc/aarch64-linux-android/4.9.x/../../../../aarch64-linux-android/lib] ==> dir [/Users/yuefeng/tools/Android/android-ndk-r13b/toolchains/aarch64-linux-android-4.9/prebuilt/darwin-x86_64/lib/gcc/aarch64-linux-android/4.9.x/../../../../aarch64-linux-android/lib]
    arg [-L/Users/yuefeng/tools/Android/android-ndk-r13b/platforms/android-24/arch-arm64/usr/lib] ==> dir [/Users/yuefeng/tools/Android/android-ndk-r13b/platforms/android-24/arch-arm64/usr/lib]
    arg [--build-id] ==> ignore
    arg [--warn-shared-textrel] ==> ignore
    arg [--fatal-warnings] ==> ignore
    arg [--no-undefined] ==> ignore
    arg [-znoexecstack] ==> ignore
    arg [-zrelro] ==> ignore
    arg [-znow] ==> ignore
    arg [--gc-sections] ==> ignore
    arg [-znocopyreloc] ==> ignore
    arg [--build-id] ==> ignore
    arg [--warn-shared-textrel] ==> ignore
    arg [--fatal-warnings] ==> ignore
    arg [--no-undefined] ==> ignore
    arg [-znoexecstack] ==> ignore
    arg [-zrelro] ==> ignore
    arg [-znow] ==> ignore
    arg [--gc-sections] ==> ignore
    arg [-znocopyreloc] ==> ignore
    arg [CMakeFiles/cmTC_5b953.dir/CMakeCXXCompilerABI.cpp.o] ==> ignore
    arg [-lstdc++] ==> lib [stdc++]
    arg [-lm] ==> lib [m]
    arg [-lgcc] ==> lib [gcc]
    arg [-lgcc] ==> lib [gcc]
    arg [-ldl] ==> lib [dl]
    arg [-lc] ==> lib [c]
    arg [-lgcc] ==> lib [gcc]
    arg [-lgcc] ==> lib [gcc]
    arg [-ldl] ==> lib [dl]
    arg [/Users/yuefeng/tools/Android/android-ndk-r13b/platforms/android-24/arch-arm64/usr/lib/crtend_android.o] ==> ignore
  remove lib [gcc]
  remove lib [gcc]
  remove lib [gcc]
  remove lib [gcc]
  collapse library dir [/Users/yuefeng/tools/Android/android-ndk-r13b/toolchains/aarch64-linux-android-4.9/prebuilt/darwin-x86_64/lib/gcc/aarch64-linux-android/4.9.x] ==> [/Users/yuefeng/tools/Android/android-ndk-r13b/toolchains/aarch64-linux-android-4.9/prebuilt/darwin-x86_64/lib/gcc/aarch64-linux-android/4.9.x]
  collapse library dir [/Users/yuefeng/tools/Android/android-ndk-r13b/toolchains/aarch64-linux-android-4.9/prebuilt/darwin-x86_64/lib/gcc/aarch64-linux-android/4.9.x/../../../../aarch64-linux-android/lib/../lib64] ==> [/Users/yuefeng/tools/Android/android-ndk-r13b/toolchains/aarch64-linux-android-4.9/prebuilt/darwin-x86_64/aarch64-linux-android/lib64]
  collapse library dir [/Users/yuefeng/tools/Android/android-ndk-r13b/toolchains/aarch64-linux-android-4.9/prebuilt/darwin-x86_64/lib/gcc/aarch64-linux-android/4.9.x/../../../../aarch64-linux-android/lib] ==> [/Users/yuefeng/tools/Android/android-ndk-r13b/toolchains/aarch64-linux-android-4.9/prebuilt/darwin-x86_64/aarch64-linux-android/lib]
  collapse library dir [/Users/yuefeng/tools/Android/android-ndk-r13b/platforms/android-24/arch-arm64/usr/lib] ==> [/Users/yuefeng/tools/Android/android-ndk-r13b/platforms/android-24/arch-arm64/usr/lib]
  implicit libs: [stdc++;m;dl;c;dl]
  implicit dirs: [/Users/yuefeng/tools/Android/android-ndk-r13b/toolchains/aarch64-linux-android-4.9/prebuilt/darwin-x86_64/lib/gcc/aarch64-linux-android/4.9.x;/Users/yuefeng/tools/Android/android-ndk-r13b/toolchains/aarch64-linux-android-4.9/prebuilt/darwin-x86_64/aarch64-linux-android/lib64;/Users/yuefeng/tools/Android/android-ndk-r13b/toolchains/aarch64-linux-android-4.9/prebuilt/darwin-x86_64/aarch64-linux-android/lib;/Users/yuefeng/tools/Android/android-ndk-r13b/platforms/android-24/arch-arm64/usr/lib]
  implicit fwks: []


